2025-09-16 10:29:52 - INFO - Enhanced FSP Configuration loaded and logger initialized.
2025-09-16 10:29:52 - INFO - 自适应 FSP 模拟器初始化成功。
2025-09-16 10:29:52 - INFO - 开始仿真，共 3000 个回合。
2025-09-16 10:29:53 - INFO - 回合 500: 平均奖励 = -79.8407, Epsilon = 0.7784
2025-09-16 10:29:54 - INFO - 回合 1000: 平均奖励 = -89.7680, Epsilon = 0.6062
2025-09-16 10:29:55 - INFO - 回合 1500: 平均奖励 = -79.1047, Epsilon = 0.4720
2025-09-16 10:29:56 - INFO - 回合 2000: 平均奖励 = -77.2947, Epsilon = 0.3676
2025-09-16 10:29:57 - INFO - 回合 2500: 平均奖励 = -78.1380, Epsilon = 0.2863
2025-09-16 10:29:58 - INFO - FSP 仿真完成。
2025-09-16 10:29:58 - INFO - Enhanced results will be saved in: results\fsp_run_2025-09-16_10-29-58
2025-09-16 10:29:59 - INFO - Performance data saved to results\fsp_run_2025-09-16_10-29-58\performance_data.csv
2025-09-16 10:29:59 - INFO - Q-table saved to results\fsp_run_2025-09-16_10-29-58\q_table.npy
2025-09-16 10:29:59 - INFO - Experiment configuration saved to results\fsp_run_2025-09-16_10-29-58\experiment_config.json
2025-09-16 10:29:59 - INFO - Experiment metadata saved to results\fsp_run_2025-09-16_10-29-58\experiment_metadata.json
2025-09-16 10:29:59 - INFO - Generating enhanced reports in directory: results
2025-09-16 10:30:00 - INFO - ✓ Learning convergence analysis completed
2025-09-16 10:30:00 - INFO - ✓ Strategy evolution analysis completed
2025-09-16 10:30:01 - INFO - ✓ Performance comparison analysis completed
2025-09-16 10:30:03 - INFO - ✓ Threat landscape analysis completed
2025-09-16 10:30:03 - INFO - ✓ Statistical analysis report generated
2025-09-16 10:30:03 - INFO - ✓ Summary plots generated
2025-09-16 10:30:03 - INFO - All enhanced reports generated successfully.
2025-09-16 10:30:03 - INFO - Enhanced visualization reports generated successfully.
2025-09-16 10:30:03 - INFO - Enhanced FSP project execution finished successfully.
