2025-09-15 11:21:17 - INFO - Enhanced FSP Configuration loaded and logger initialized.
2025-09-15 11:21:17 - INFO - 自适应 FSP 模拟器初始化成功。
2025-09-15 11:21:17 - INFO - 开始仿真，共 3000 个回合。
2025-09-15 11:21:18 - INFO - 回合 500: 平均奖励 = -73.2053, Epsilon = 0.7784
2025-09-15 11:21:19 - INFO - 回合 1000: 平均奖励 = -89.0180, Epsilon = 0.6062
2025-09-15 11:21:20 - INFO - 回合 1500: 平均奖励 = -83.3887, Epsilon = 0.4720
2025-09-15 11:21:21 - INFO - 回合 2000: 平均奖励 = -76.5440, Epsilon = 0.3676
2025-09-15 11:21:22 - INFO - 回合 2500: 平均奖励 = -79.9633, Epsilon = 0.2863
2025-09-15 11:21:23 - INFO - FSP 仿真完成。
2025-09-15 11:21:23 - INFO - Enhanced results will be saved in: results\fsp_run_2025-09-15_11-21-23
2025-09-15 11:21:24 - INFO - Performance data saved to results\fsp_run_2025-09-15_11-21-23\performance_data.csv
2025-09-15 11:21:24 - INFO - Q-table saved to results\fsp_run_2025-09-15_11-21-23\q_table.npy
2025-09-15 11:21:24 - INFO - Experiment configuration saved to results\fsp_run_2025-09-15_11-21-23\experiment_config.json
2025-09-15 11:21:24 - INFO - Experiment metadata saved to results\fsp_run_2025-09-15_11-21-23\experiment_metadata.json
2025-09-15 11:21:24 - INFO - Generating enhanced reports in directory: results
2025-09-15 11:21:25 - INFO - ✓ Learning convergence analysis completed
2025-09-15 11:21:25 - INFO - ✓ Strategy evolution analysis completed
2025-09-15 11:21:26 - INFO - ✓ Performance comparison analysis completed
2025-09-15 11:21:28 - INFO - ✓ Threat landscape analysis completed
2025-09-15 11:21:28 - INFO - ✓ Statistical analysis report generated
2025-09-15 11:21:28 - INFO - ✓ Summary plots generated
2025-09-15 11:21:28 - INFO - All enhanced reports generated successfully.
2025-09-15 11:21:28 - INFO - Enhanced visualization reports generated successfully.
2025-09-15 11:21:28 - INFO - Enhanced FSP project execution finished successfully.
